<?xml version="1.0" encoding="UTF-8" ?>
<testsuite tests="12" failures="1" name="TDDTestExamples" time="1.277" errors="0" skipped="0">
  <properties>
[...]
</properties>
  <testcase classname="TDDTestExamples" name="failTest" time="0.043">
    <failure message="Forced fail test" type="java.lang.AssertionError">java.lang.AssertionError: Forced fail test
	at org.junit.Assert.fail(Assert.java:93)
	at TDDTestExamples.failTest(TDDTestExamples.java:117)
	at sun.reflect.NativeMethodAccessorImpl.invoke0(Native Method)
	at sun.reflect.NativeMethodAccessorImpl.invoke(NativeMethodAccessorImpl.java:62)
	at sun.reflect.DelegatingMethodAccessorImpl.invoke(DelegatingMethodAccessorImpl.java:43)
	at java.lang.reflect.Method.invoke(Method.java:498)
	at org.junit.runners.model.FrameworkMethod$1.runReflectiveCall(FrameworkMethod.java:45)
	at org.junit.internal.runners.model.ReflectiveCallable.run(ReflectiveCallable.java:15)
	at org.junit.runners.model.FrameworkMethod.invokeExplosively(FrameworkMethod.java:42)
	at org.junit.internal.runners.statements.InvokeMethod.evaluate(InvokeMethod.java:20)
	at org.junit.internal.runners.statements.FailOnTimeout$StatementThread.run(FailOnTimeout.java:62)
</failure>
  </testcase>
  <testcase classname="TDDTestExamples" name="isNullTest" time="0.007"/>
  <testcase classname="TDDTestExamples" name="falseBooleanTest" time="0.003"/>
  <testcase classname="TDDTestExamples" name="truthBooleanTest" time="0.001"/>
  <testcase classname="TDDTestExamples" name="integerTest" time="0.002"/>
  <testcase classname="TDDTestExamples" name="isNotNullTest" time="0.001"/>
  <testcase classname="TDDTestExamples" name="sameObjectTest" time="0.002"/>
  <testcase classname="TDDTestExamples" name="timeoutTest" time="1.002"/>
  <testcase classname="TDDTestExamples" name="floatingPointTest" time="0.002"/>
  <testcase classname="TDDTestExamples" name="objectEqualityTest" time="0.004"/>
  <testcase classname="TDDTestExamples" name="objectIdentityTest" time="0.001"/>
  <testcase classname="TDDTestExamples" name="notSameObjectTest" time="0.001"/>
</testsuite>